fatal: unable to access 'https://github.com/TheExpansionGuy/whisperlocal.git/': Could not resolve host: github.com
Thu Jun 11 17:46:49 WITA 2026: Already up to date.
Thu Jun 11 17:51:50 WITA 2026: Already up to date.
Thu Jun 11 17:56:51 WITA 2026: Already up to date.
Thu Jun 11 18:01:53 WITA 2026: Already up to date.
Thu Jun 11 18:06:54 WITA 2026: Already up to date.
Thu Jun 11 18:11:56 WITA 2026: Already up to date.
Thu Jun 11 18:16:57 WITA 2026: Already up to date.
Thu Jun 11 18:21:59 WITA 2026: Already up to date.
Thu Jun 11 18:27:00 WITA 2026: Already up to date.
Thu Jun 11 18:32:01 WITA 2026: Already up to date.
Thu Jun 11 18:37:02 WITA 2026: Already up to date.
Thu Jun 11 18:42:04 WITA 2026: Already up to date.
Thu Jun 11 18:47:05 WITA 2026: Already up to date.
Thu Jun 11 18:52:06 WITA 2026: Already up to date.
Thu Jun 11 18:57:07 WITA 2026: Already up to date.
Thu Jun 11 19:02:08 WITA 2026: Already up to date.
Thu Jun 11 19:07:09 WITA 2026: Already up to date.
Thu Jun 11 19:12:11 WITA 2026: Already up to date.
Thu Jun 11 19:17:11 WITA 2026: Already up to date.
Thu Jun 11 19:22:12 WITA 2026: Already up to date.
Thu Jun 11 19:27:13 WITA 2026: Already up to date.
Thu Jun 11 19:32:14 WITA 2026: Already up to date.
Thu Jun 11 19:37:15 WITA 2026: Already up to date.
Thu Jun 11 19:42:16 WITA 2026: Already up to date.
Thu Jun 11 19:47:17 WITA 2026: Already up to date.
Thu Jun 11 19:52:19 WITA 2026: Already up to date.
Thu Jun 11 19:57:20 WITA 2026: Already up to date.
Thu Jun 11 20:02:21 WITA 2026: Already up to date.
Thu Jun 11 20:07:21 WITA 2026: Already up to date.
Thu Jun 11 20:12:22 WITA 2026: Already up to date.
Thu Jun 11 20:17:23 WITA 2026: Already up to date.
Thu Jun 11 20:22:25 WITA 2026: Already up to date.
Thu Jun 11 20:27:26 WITA 2026: Already up to date.
Thu Jun 11 20:32:26 WITA 2026: Already up to date.
Thu Jun 11 20:37:27 WITA 2026: Already up to date.
Thu Jun 11 20:42:28 WITA 2026: Already up to date.
Thu Jun 11 20:47:29 WITA 2026: Already up to date.
Thu Jun 11 20:52:30 WITA 2026: Already up to date.
Thu Jun 11 20:57:31 WITA 2026: Already up to date.
Thu Jun 11 21:02:32 WITA 2026: Already up to date.
Thu Jun 11 21:07:33 WITA 2026: Already up to date.
Thu Jun 11 21:12:34 WITA 2026: Already up to date.
Thu Jun 11 21:17:35 WITA 2026: Already up to date.
Thu Jun 11 21:22:37 WITA 2026: Already up to date.
Thu Jun 11 21:27:37 WITA 2026: Already up to date.
Thu Jun 11 21:32:39 WITA 2026: Already up to date.
Thu Jun 11 21:37:39 WITA 2026: Already up to date.
Thu Jun 11 21:42:40 WITA 2026: Already up to date.
Thu Jun 11 21:47:41 WITA 2026: Already up to date.
Thu Jun 11 21:52:43 WITA 2026: Already up to date.
Thu Jun 11 21:57:45 WITA 2026: Already up to date.
Thu Jun 11 22:58:21 WITA 2026: Already up to date.
Fri Jun 12 00:39:19 WITA 2026: Already up to date.
fatal: unable to access 'https://github.com/TheExpansionGuy/whisperlocal.git/': Recv failure: Connection reset by peer
Fri Jun 12 07:54:29 WITA 2026: Already up to date.
Fri Jun 12 07:59:31 WITA 2026: Already up to date.
Fri Jun 12 08:04:32 WITA 2026: Already up to date.
Fri Jun 12 08:09:33 WITA 2026: Already up to date.
Fri Jun 12 08:14:33 WITA 2026: Already up to date.
Fri Jun 12 08:19:34 WITA 2026: Already up to date.
Fri Jun 12 08:24:36 WITA 2026: Already up to date.
Fri Jun 12 08:29:37 WITA 2026: Already up to date.
Fri Jun 12 08:34:38 WITA 2026: Already up to date.
Fri Jun 12 08:39:39 WITA 2026: Already up to date.
Fri Jun 12 08:44:40 WITA 2026: Already up to date.
Fri Jun 12 08:49:41 WITA 2026: Already up to date.
Fri Jun 12 08:54:42 WITA 2026: Already up to date.
Fri Jun 12 08:59:43 WITA 2026: Already up to date.
Fri Jun 12 09:04:44 WITA 2026: Already up to date.
Fri Jun 12 09:09:45 WITA 2026: Already up to date.
Fri Jun 12 09:14:46 WITA 2026: Already up to date.
Fri Jun 12 09:19:47 WITA 2026: Already up to date.
Fri Jun 12 12:49:12 WITA 2026: Already up to date.
Fri Jun 12 12:54:13 WITA 2026: Already up to date.
Fri Jun 12 12:59:14 WITA 2026: Already up to date.
Fri Jun 12 13:04:15 WITA 2026: Already up to date.
Fri Jun 12 13:09:16 WITA 2026: Already up to date.
Fri Jun 12 13:14:18 WITA 2026: Already up to date.
Fri Jun 12 13:19:19 WITA 2026: Already up to date.
Fri Jun 12 13:24:20 WITA 2026: Already up to date.
Fri Jun 12 13:29:21 WITA 2026: Already up to date.
Fri Jun 12 13:34:22 WITA 2026: Already up to date.
Fri Jun 12 13:39:23 WITA 2026: Already up to date.
Fri Jun 12 13:44:24 WITA 2026: Already up to date.
Fri Jun 12 13:49:26 WITA 2026: Already up to date.
Fri Jun 12 13:54:27 WITA 2026: Already up to date.
Fri Jun 12 13:59:29 WITA 2026: Already up to date.
error: cannot open '.git/FETCH_HEAD': No space left on device
Fri Jun 12 14:09:30 WITA 2026: Already up to date.
Fri Jun 12 14:14:30 WITA 2026: Already up to date.
Fri Jun 12 14:19:31 WITA 2026: Already up to date.
Fri Jun 12 14:24:32 WITA 2026: Already up to date.
Fri Jun 12 14:29:33 WITA 2026: Already up to date.
Fri Jun 12 14:34:34 WITA 2026: Already up to date.
Fri Jun 12 14:39:35 WITA 2026: Already up to date.
fatal: unable to access 'https://github.com/TheExpansionGuy/whisperlocal.git/': Could not resolve host: github.com
Fri Jun 12 14:47:18 WITA 2026: Already up to date.
Fri Jun 12 14:52:19 WITA 2026: Already up to date.
Fri Jun 12 14:57:20 WITA 2026: Already up to date.
Fri Jun 12 15:02:21 WITA 2026: Already up to date.
Fri Jun 12 15:07:22 WITA 2026: Already up to date.
Fri Jun 12 15:12:24 WITA 2026: Already up to date.
Fri Jun 12 15:17:25 WITA 2026: Already up to date.
Fri Jun 12 15:22:26 WITA 2026: New update found, applying...
▸ Updating Python sources...
▸ Restarting WhisperLocal...
✓ Done
Fri Jun 12 15:27:36 WITA 2026: New update found, applying...
▸ Updating Python sources...
▸ Restarting WhisperLocal...
✓ Done
Fri Jun 12 15:32:45 WITA 2026: New update found, applying...
▸ Updating Python sources...
▸ Restarting WhisperLocal...
✓ Done
Fri Jun 12 15:37:54 WITA 2026: New update found, applying...
▸ Updating Python sources...
▸ Restarting WhisperLocal...
✓ Done
Fri Jun 12 15:43:03 WITA 2026: New update found, applying...
▸ Updating Python sources...
▸ Restarting WhisperLocal...
✓ Done
